<?xml version="1.0" encoding="UTF-8"?>
<ehcache>
	<defaultCache eternal="true" maxElementsInMemory="100" overflowToDisk="false"/>
	<cache name="oneElementCache" maxElementsInMemory="1" eternal="true" overflowToDisk="false"/>
</ehcache>